<?xml version="1.0" encoding="UTF-8"?>
<testng-results skipped="0" failed="0" total="1" passed="1">
  <reporter-output>
  </reporter-output>
  <suite name="Default suite" duration-ms="19" started-at="2021-12-13T20:29:22Z" finished-at="2021-12-13T20:29:22Z">
    <groups>
    </groups>
    <test name="Default test" duration-ms="19" started-at="2021-12-13T20:29:22Z" finished-at="2021-12-13T20:29:22Z">
      <class name="testscrips.CompareTemparature">
        <test-method status="PASS" signature="setup()[pri:0, instance:testscrips.CompareTemparature@548b7f67]" name="setup" is-config="true" duration-ms="35532" started-at="2021-12-14T01:58:47Z" finished-at="2021-12-14T01:59:22Z">
          <reporter-output>
          </reporter-output>
        </test-method> <!-- setup -->
        <test-method status="PASS" signature="CompareTemparature()[pri:0, instance:testscrips.CompareTemparature@548b7f67]" name="CompareTemparature" duration-ms="7" started-at="2021-12-14T01:59:22Z" finished-at="2021-12-14T01:59:22Z">
          <reporter-output>
          </reporter-output>
        </test-method> <!-- CompareTemparature -->
        <test-method status="PASS" signature="tearDown()[pri:0, instance:testscrips.CompareTemparature@548b7f67]" name="tearDown" is-config="true" duration-ms="110" started-at="2021-12-14T01:59:23Z" finished-at="2021-12-14T01:59:23Z">
          <reporter-output>
          </reporter-output>
        </test-method> <!-- tearDown -->
      </class> <!-- testscrips.CompareTemparature -->
    </test> <!-- Default test -->
  </suite> <!-- Default suite -->
</testng-results>
